<component name="libraryTable">
  <library name="JUnit-4.13">
    <CLASSES>
      <root url="jar://$PROJECT_DIR$/../../jre1.8.0_131/lib/JUnit/hamcrest-core-1.3.jar!/" />
      <root url="jar://$PROJECT_DIR$/../../jre1.8.0_131/lib/JUnit/junit-4.13-rc-2.jar!/" />
    </CLASSES>
    <JAVADOC />
    <SOURCES />
  </library>
</component>